#
# A fatal error has been detected by the Java Runtime Environment:
#
#  EXCEPTION_ACCESS_VIOLATION (0xc0000005) at pc=0x00007ff982894994, pid=16176, tid=16444
#
# JRE version: OpenJDK Runtime Environment (19.0+36) (build 19+36-2238)
# Java VM: OpenJDK 64-Bit Server VM (19+36-2238, mixed mode, sharing, tiered, compressed oops, compressed class ptrs, g1 gc, windows-amd64)
# Problematic frame:
# V  [jvm.dll+0x814994]
#
# No core dump will be written. Minidumps are not enabled by default on client versions of Windows
#
# If you would like to submit a bug report, please visit:
#   https://bugreport.java.com/bugreport/crash.jsp
#

---------------  S U M M A R Y ------------

Command Line: -agentlib:jdwp=transport=dt_socket,address=127.0.0.1:53796,suspend=y,server=n -javaagent:C:\Users\aleks\AppData\Local\JetBrains\IdeaIC2023.1\captureAgent\debugger-agent.jar -Dfile.encoding=UTF-8 -Dsun.stdout.encoding=UTF-8 -Dsun.stderr.encoding=UTF-8 com.selftesting.selftesting.SelftestingApplication

Host: AMD Ryzen 5 3600 6-Core Processor              , 12 cores, 31G,  Windows 10 , 64 bit Build 19041 (10.0.19041.2913)
Time: Wed May 31 01:02:12 2023 RTZ 3 (s 10 , 64 bit Build 19041 (10.0.19041.2913) elapsed time: 1.683012 seconds (0d 0h 0m 1s)

---------------  T H R E A D  ---------------

Current thread (0x0000021124a7e5a0):  JavaThread "C2 CompilerThread2" daemon [_thread_in_native, id=16444, stack(0x000000f038900000,0x000000f038a00000)]


Current CompileTask:
C2:   1683 3382   !   4       jdk.internal.loader.BuiltinClassLoader::loadClassOrNull (143 bytes)

Stack: [0x000000f038900000,0x000000f038a00000],  sp=0x000000f0389fa4b0,  free space=1001k
Native frames: (J=compiled Java code, j=interpreted, Vv=VM code, C=native code)
V  [jvm.dll+0x814994]
V  [jvm.dll+0x6cbe31]
V  [jvm.dll+0x5f1da1]
V  [jvm.dll+0x5f1cc4]
V  [jvm.dll+0x5f0f48]
V  [jvm.dll+0x2551fc]
V  [jvm.dll+0x24e097]
V  [jvm.dll+0x24b563]
V  [jvm.dll+0x1d6d61]
V  [jvm.dll+0x25b0fa]
V  [jvm.dll+0x259588]
V  [jvm.dll+0x807928]
V  [jvm.dll+0x8015fa]
V  [jvm.dll+0x6ed5eb]
C  [ucrtbase.dll+0x21bb2]
C  [KERNEL32.DLL+0x17614]
C  [ntdll.dll+0x526a1]


siginfo: EXCEPTION_ACCESS_VIOLATION (0xc0000005), reading address 0x00007f0000000011


Registers:
RAX=0x00007ff982a09560, RBX=0x0000000000000001, RCX=0x00007f0000000001, RDX=0x00007f0000000001
RSP=0x000000f0389fa4b0, RBP=0x0000000000000000, RSI=0x000000000000007c, RDI=0x000000f0389fa990
R8 =0x0000000000000001, R9 =0x000000f0389fa990, R10=0xfefefefefefefeff, R11=0x8080808080808080
R12=0x000000f0389fa600, R13=0x000000f0389fa5e0, R14=0x0000021126401f80, R15=0x0000021126401f80
RIP=0x00007ff982894994, EFLAGS=0x0000000000010202


Register to memory mapping:

RIP=0x00007ff982894994 jvm.dll
RAX=0x00007ff982a09560 jvm.dll
RBX=0x0000000000000001 is an unknown value
RCX=0x00007f0000000001 is an unknown value
RDX=0x00007f0000000001 is an unknown value
RSP=0x000000f0389fa4b0 is pointing into the stack for thread: 0x0000021124a7e5a0
RBP=0x0 is NULL
RSI=0x000000000000007c is an unknown value
RDI=0x000000f0389fa990 is pointing into the stack for thread: 0x0000021124a7e5a0
R8 =0x0000000000000001 is an unknown value
R9 =0x000000f0389fa990 is pointing into the stack for thread: 0x0000021124a7e5a0
R10=0xfefefefefefefeff is an unknown value
R11=0x8080808080808080 is an unknown value
R12=0x000000f0389fa600 is pointing into the stack for thread: 0x0000021124a7e5a0
R13=0x000000f0389fa5e0 is pointing into the stack for thread: 0x0000021124a7e5a0
R14=0x0000021126401f80 points into unknown readable memory: 0x00007ff982a09560 | 60 95 a0 82 f9 7f 00 00
R15=0x0000021126401f80 points into unknown readable memory: 0x00007ff982a09560 | 60 95 a0 82 f9 7f 00 00


Top of Stack: (sp=0x000000f0389fa4b0)
0x000000f0389fa4b0:   00000000000019e5 00000211235af630
0x000000f0389fa4c0:   00000211235add58 0000000000001200
0x000000f0389fa4d0:   000000f0389fa990 00007ff98274be31
0x000000f0389fa4e0:   00000211264040c8 000000f0389fa5e0
0x000000f0389fa4f0:   000000f0389fa600 00000000000000cf
0x000000f0389fa500:   000000f0389fa990 00007ff982671da1
0x000000f0389fa510:   0000000000000001 00000000000000cf
0x000000f0389fa520:   00000211264027a8 000000f0389fa990
0x000000f0389fa530:   0000000000000002 000000f0389fa620
0x000000f0389fa540:   0000021126402520 00007ff982671cc4
0x000000f0389fa550:   0000000000000004 00000000000000cf
0x000000f0389fa560:   000000f0389fa600 00000211264040c8
0x000000f0389fa570:   000002116fd61360 0000000000000000
0x000000f0389fa580:   0000021123446e58 000000f0389fa6b0
0x000000f0389fa590:   0000021126c37000 0000000000000000
0x000000f0389fa5a0:   000000f0389fa990 00007ff982670f48 

Instructions: (pc=0x00007ff982894994)
0x00007ff982894894:   0e 48 85 f6 74 06 80 7e 40 00 75 03 48 8b df 48
0x00007ff9828948a4:   8b 74 24 30 48 8b 7c 24 38 48 8b c3 48 83 c4 20
0x00007ff9828948b4:   5b c3 cc cc cc cc cc cc cc cc cc cc 48 89 5c 24
0x00007ff9828948c4:   08 48 89 74 24 10 57 48 83 ec 20 48 8b 01 48 8b
0x00007ff9828948d4:   d9 ff 50 58 48 85 c0 0f 84 87 00 00 00 48 8b 03
0x00007ff9828948e4:   48 8b cb ff 90 80 00 00 00 48 8b 0d a4 e5 3f 00
0x00007ff9828948f4:   48 8b f8 8b 53 20 4c 8b 01 41 ff 90 d8 00 00 00
0x00007ff982894904:   48 3b f8 74 72 48 8b 13 48 8b cb ff 52 58 83 78
0x00007ff982894914:   28 01 7e 63 48 8b 03 48 8b cb ff 50 58 33 f6 8b
0x00007ff982894924:   48 10 83 e9 13 83 f9 02 48 8b cb 48 0f 46 f0 48
0x00007ff982894934:   8b 03 ff 50 58 48 3b 05 58 e5 3f 00 74 26 48 8b
0x00007ff982894944:   03 48 8b cb ff 50 58 48 8b c8 48 8b 10 ff 92 a0
0x00007ff982894954:   00 00 00 84 c0 74 0d 48 85 f6 74 1b 80 7e 40 00
0x00007ff982894964:   48 0f 44 df 48 8b c3 48 8b 5c 24 30 48 8b 74 24
0x00007ff982894974:   38 48 83 c4 20 5f c3 48 8b 5c 24 30 48 8b c7 48
0x00007ff982894984:   8b 74 24 38 48 83 c4 20 5f c3 cc cc 48 83 ec 28
0x00007ff982894994:   8b 42 10 39 41 10 74 0a b8 01 00 00 00 48 83 c4
0x00007ff9828949a4:   28 c3 48 8b 01 ff 10 33 c9 84 c0 0f 94 c1 8b c1
0x00007ff9828949b4:   48 83 c4 28 c3 cc cc cc cc cc cc cc 48 83 ec 28
0x00007ff9828949c4:   8b 41 10 83 c0 fe 83 f8 22 77 24 48 8d 15 2a b6
0x00007ff9828949d4:   7e ff 48 98 0f b6 84 02 1c 4a 81 00 8b 8c 82 10
0x00007ff9828949e4:   4a 81 00 48 03 ca ff e1 b0 01 48 83 c4 28 c3 ba
0x00007ff9828949f4:   30 04 00 00 48 8d 0d 51 c9 1e 00 e8 8c dd a6 ff
0x00007ff982894a04:   e8 a7 98 ed ff 32 c0 48 83 c4 28 c3 ec 49 81 00
0x00007ff982894a14:   09 4a 81 00 f3 49 81 00 00 02 02 01 02 02 02 02
0x00007ff982894a24:   02 02 02 02 02 02 02 02 02 02 02 02 02 02 02 02
0x00007ff982894a34:   02 01 01 01 00 02 01 00 02 01 01 cc 40 53 48 83
0x00007ff982894a44:   ec 20 48 8b d9 48 8b 49 18 48 8b 01 ff 50 48 84
0x00007ff982894a54:   c0 75 14 48 8b 4b 20 48 8b 01 ff 50 48 84 c0 75
0x00007ff982894a64:   06 48 83 c4 20 5b c3 b0 01 48 83 c4 20 5b c3 cc
0x00007ff982894a74:   cc cc cc cc cc cc cc cc cc cc cc cc 48 83 ec 28
0x00007ff982894a84:   81 79 24 00 6c ca 88 74 19 83 79 28 01 7e 13 48 


Stack slot to memory mapping:
stack at sp + 0 slots: 0x00000000000019e5 is an unknown value
stack at sp + 1 slots: 0x00000211235af630 points into unknown readable memory: 0x00007ff9829d3880 | 80 38 9d 82 f9 7f 00 00
stack at sp + 2 slots: 0x00000211235add58 points into unknown readable memory: 0x00007ff982a59608 | 08 96 a5 82 f9 7f 00 00
stack at sp + 3 slots: 0x0000000000001200 is an unknown value
stack at sp + 4 slots: 0x000000f0389fa990 is pointing into the stack for thread: 0x0000021124a7e5a0
stack at sp + 5 slots: 0x00007ff98274be31 jvm.dll
stack at sp + 6 slots: 0x00000211264040c8 points into unknown readable memory: 0x00007ff982a59ea0 | a0 9e a5 82 f9 7f 00 00
stack at sp + 7 slots: 0x000000f0389fa5e0 is pointing into the stack for thread: 0x0000021124a7e5a0


---------------  P R O C E S S  ---------------

Threads class SMR info:
_java_thread_list=0x000002112385feb0, length=19, elements={
0x000002116fd483f0, 0x0000021123114990, 0x0000021123115390, 0x0000021123116c80,
0x0000021123118530, 0x000002112311aa80, 0x000002112311d150, 0x0000021123125010,
0x000002112312d6e0, 0x000002112312f480, 0x000002117b3c5220, 0x00000211232a43b0,
0x000002112331cd70, 0x00000211232a4f20, 0x0000021123371e20, 0x00000211233f8ef0,
0x0000021123c4e640, 0x0000021123c4eb80, 0x0000021124a7e5a0
}

Java Threads: ( => current thread )
  0x000002116fd483f0 JavaThread "main" [_thread_blocked, id=19012, stack(0x000000f036700000,0x000000f036800000)]
  0x0000021123114990 JavaThread "Reference Handler" daemon [_thread_blocked, id=20300, stack(0x000000f036e00000,0x000000f036f00000)]
  0x0000021123115390 JavaThread "Finalizer" daemon [_thread_blocked, id=14724, stack(0x000000f036f00000,0x000000f037000000)]
  0x0000021123116c80 JavaThread "Signal Dispatcher" daemon [_thread_blocked, id=19464, stack(0x000000f037000000,0x000000f037100000)]
  0x0000021123118530 JavaThread "Attach Listener" daemon [_thread_blocked, id=8080, stack(0x000000f037100000,0x000000f037200000)]
  0x000002112311aa80 JavaThread "Service Thread" daemon [_thread_blocked, id=20124, stack(0x000000f037200000,0x000000f037300000)]
  0x000002112311d150 JavaThread "Monitor Deflation Thread" daemon [_thread_blocked, id=1552, stack(0x000000f037300000,0x000000f037400000)]
  0x0000021123125010 JavaThread "C2 CompilerThread0" daemon [_thread_in_native, id=15568, stack(0x000000f037400000,0x000000f037500000)]
  0x000002112312d6e0 JavaThread "C1 CompilerThread0" daemon [_thread_blocked, id=15736, stack(0x000000f037500000,0x000000f037600000)]
  0x000002112312f480 JavaThread "Sweeper thread" daemon [_thread_blocked, id=18260, stack(0x000000f037600000,0x000000f037700000)]
  0x000002117b3c5220 JavaThread "Common-Cleaner" daemon [_thread_blocked, id=7436, stack(0x000000f037700000,0x000000f037800000)]
  0x00000211232a43b0 JavaThread "JDWP Transport Listener: dt_socket" daemon [_thread_blocked, id=3964, stack(0x000000f037800000,0x000000f037900000)]
  0x000002112331cd70 JavaThread "JDWP Event Helper Thread" daemon [_thread_blocked, id=18716, stack(0x000000f037900000,0x000000f037a00000)]
  0x00000211232a4f20 JavaThread "JDWP Command Reader" daemon [_thread_in_native, id=18544, stack(0x000000f037a00000,0x000000f037b00000)]
  0x0000021123371e20 JavaThread "Notification Thread" daemon [_thread_blocked, id=4312, stack(0x000000f037b00000,0x000000f037c00000)]
  0x00000211233f8ef0 JavaThread "C2 CompilerThread1" daemon [_thread_in_native, id=12508, stack(0x000000f037d00000,0x000000f037e00000)]
  0x0000021123c4e640 JavaThread "Thread-0" [_thread_blocked, id=19452, stack(0x000000f037e00000,0x000000f037f00000)]
  0x0000021123c4eb80 JavaThread "restartedMain" [_thread_in_vm, id=14868, stack(0x000000f037f00000,0x000000f038000000)]
=>0x0000021124a7e5a0 JavaThread "C2 CompilerThread2" daemon [_thread_in_native, id=16444, stack(0x000000f038900000,0x000000f038a00000)]

Other Threads:
  0x000002117b3d7370 VMThread "VM Thread" [stack: 0x000000f036d00000,0x000000f036e00000] [id=2844]
  0x00000211233563e0 WatcherThread "VM Periodic Task Thread" [stack: 0x000000f037c00000,0x000000f037d00000] [id=11528]
  0x000002116fdff1b0 WorkerThread "GC Thread#0" [stack: 0x000000f036800000,0x000000f036900000] [id=5412]
  0x0000021123b7ce20 WorkerThread "GC Thread#1" [stack: 0x000000f038000000,0x000000f038100000] [id=17388]
  0x0000021123b7d690 WorkerThread "GC Thread#2" [stack: 0x000000f038100000,0x000000f038200000] [id=17080]
  0x0000021123b7dc30 WorkerThread "GC Thread#3" [stack: 0x000000f038200000,0x000000f038300000] [id=18724]
  0x0000021123b7d3c0 WorkerThread "GC Thread#4" [stack: 0x000000f038300000,0x000000f038400000] [id=16076]
  0x0000021123b7c880 WorkerThread "GC Thread#5" [stack: 0x000000f038400000,0x000000f038500000] [id=12328]
  0x0000021123b7cb50 WorkerThread "GC Thread#6" [stack: 0x000000f038500000,0x000000f038600000] [id=17336]
  0x0000021123b7d0f0 WorkerThread "GC Thread#7" [stack: 0x000000f038600000,0x000000f038700000] [id=17944]
  0x0000021123b7d960 WorkerThread "GC Thread#8" [stack: 0x000000f038700000,0x000000f038800000] [id=16776]
  0x0000021123b7c010 WorkerThread "GC Thread#9" [stack: 0x000000f038800000,0x000000f038900000] [id=19688]
  0x000002117b1f4070 ConcurrentGCThread "G1 Main Marker" [stack: 0x000000f036900000,0x000000f036a00000] [id=11684]
  0x000002117b1f4aa0 WorkerThread "G1 Conc#0" [stack: 0x000000f036a00000,0x000000f036b00000] [id=1824]
  0x0000021124c66ef0 WorkerThread "G1 Conc#1" [stack: 0x000000f038a00000,0x000000f038b00000] [id=6664]
  0x0000021124c67a30 WorkerThread "G1 Conc#2" [stack: 0x000000f038b00000,0x000000f038c00000] [id=12676]
  0x000002117b28e440 ConcurrentGCThread "G1 Refine#0" [stack: 0x000000f036b00000,0x000000f036c00000] [id=8880]
  0x000002117b290ba0 ConcurrentGCThread "G1 Service" [stack: 0x000000f036c00000,0x000000f036d00000] [id=7252]

Threads with active compile tasks:
C2 CompilerThread0     1701 3485       4       jdk.internal.org.objectweb.asm.Frame::execute (2305 bytes)
C2 CompilerThread1     1702 3444       4       org.springframework.beans.factory.support.AbstractBeanFactory::isTypeMatch (619 bytes)
C2 CompilerThread2     1702 3382   !   4       jdk.internal.loader.BuiltinClassLoader::loadClassOrNull (143 bytes)

VM state: not at safepoint (normal execution)

VM Mutex/Monitor currently owned by a thread: None

Heap address: 0x0000000601000000, size: 8176 MB, Compressed Oops mode: Zero based, Oop shift amount: 3

CDS archive(s) mapped at: [0x0000000800000000-0x0000000800c40000-0x0000000800c40000), size 12845056, SharedBaseAddress: 0x0000000800000000, ArchiveRelocationMode: 0.
Compressed class space mapped at: 0x0000000801000000-0x0000000841000000, reserved size: 1073741824
Narrow klass base: 0x0000000800000000, Narrow klass shift: 0, Narrow klass range: 0x100000000

GC Precious Log:
 CardTable entry size: 512
 Card Set container configuration: InlinePtr #cards 4 size 8 Array Of Cards #cards 16 size 48 Howl #buckets 8 coarsen threshold 7372 Howl Bitmap #cards 1024 size 144 coarsen threshold 921 Card regions per heap region 1 cards per card region 8192
 CPUs: 12 total, 12 available
 Memory: 32697M
 Large Page Support: Disabled
 NUMA Support: Disabled
 Compressed Oops: Enabled (Zero based)
 Heap Region Size: 4M
 Heap Min Capacity: 8M
 Heap Initial Capacity: 512M
 Heap Max Capacity: 8176M
 Pre-touch: Disabled
 Parallel Workers: 10
 Concurrent Workers: 3
 Concurrent Refinement Workers: 10
 Periodic GC: Disabled

Heap:
 garbage-first heap   total 69632K, used 20499K [0x0000000601000000, 0x0000000800000000)
  region size 4096K, 5 young (20480K), 2 survivors (8192K)
 Metaspace       used 23235K, committed 23616K, reserved 1114112K
  class space    used 2774K, committed 2944K, reserved 1048576K

Heap Regions: E=young(eden), S=young(survivor), O=old, HS=humongous(starts), HC=humongous(continues), CS=collection set, F=free, OA=open archive, CA=closed archive, TAMS=top-at-mark-start (previous, next)
|   0|0x0000000601000000, 0x0000000601400000, 0x0000000601400000|100%| O|  |TAMS 0x0000000601400000, 0x0000000601000000| Untracked 
|   1|0x0000000601400000, 0x00000006015e2800, 0x0000000601800000| 47%| O|  |TAMS 0x00000006015e2800, 0x0000000601400000| Complete 
|   2|0x0000000601800000, 0x0000000601800000, 0x0000000601c00000|  0%| F|  |TAMS 0x0000000601800000, 0x0000000601800000| Untracked 
|   3|0x0000000601c00000, 0x0000000601c00000, 0x0000000602000000|  0%| F|  |TAMS 0x0000000601c00000, 0x0000000601c00000| Untracked 
|   4|0x0000000602000000, 0x0000000602000000, 0x0000000602400000|  0%| F|  |TAMS 0x0000000602000000, 0x0000000602000000| Untracked 
|   5|0x0000000602400000, 0x0000000602400000, 0x0000000602800000|  0%| F|  |TAMS 0x0000000602400000, 0x0000000602400000| Untracked 
|   6|0x0000000602800000, 0x0000000602800000, 0x0000000602c00000|  0%| F|  |TAMS 0x0000000602800000, 0x0000000602800000| Untracked 
|   7|0x0000000602c00000, 0x0000000602c00000, 0x0000000603000000|  0%| F|  |TAMS 0x0000000602c00000, 0x0000000602c00000| Untracked 
|   8|0x0000000603000000, 0x0000000603000000, 0x0000000603400000|  0%| F|  |TAMS 0x0000000603000000, 0x0000000603000000| Untracked 
|   9|0x0000000603400000, 0x0000000603400000, 0x0000000603800000|  0%| F|  |TAMS 0x0000000603400000, 0x0000000603400000| Untracked 
|  10|0x0000000603800000, 0x0000000603800000, 0x0000000603c00000|  0%| F|  |TAMS 0x0000000603800000, 0x0000000603800000| Untracked 
|  11|0x0000000603c00000, 0x0000000603c00000, 0x0000000604000000|  0%| F|  |TAMS 0x0000000603c00000, 0x0000000603c00000| Untracked 
|  12|0x0000000604000000, 0x000000060432f420, 0x0000000604400000| 79%| E|  |TAMS 0x0000000604000000, 0x0000000604000000| Complete 
|  13|0x0000000604400000, 0x0000000604800000, 0x0000000604800000|100%| E|CS|TAMS 0x0000000604400000, 0x0000000604400000| Complete 
| 107|0x000000061bc00000, 0x000000061be226b8, 0x000000061c000000| 53%| S|CS|TAMS 0x000000061bc00000, 0x000000061bc00000| Complete 
| 108|0x000000061c000000, 0x000000061c400000, 0x000000061c400000|100%| S|CS|TAMS 0x000000061c000000, 0x000000061c000000| Complete 
| 127|0x0000000620c00000, 0x0000000621000000, 0x0000000621000000|100%| E|CS|TAMS 0x0000000620c00000, 0x0000000620c00000| Complete 

Card table byte_map: [0x00000211791f0000,0x000002117a1f0000] _byte_map_base: 0x00000211761e8000

Marking Bits (Prev, Next): (CMBitMap*) 0x000002116fdff820, (CMBitMap*) 0x000002116fdff7e0
 Prev Bits: [0x0000021116fc0000, 0x000002111ef80000)
 Next Bits: [0x000002110f000000, 0x0000021116fc0000)

Polling page: 0x000002116dce0000

Metaspace:

Usage:
  Non-class:     19.99 MB used.
      Class:      2.71 MB used.
       Both:     22.70 MB used.

Virtual space:
  Non-class space:       64.00 MB reserved,      20.19 MB ( 32%) committed,  1 nodes.
      Class space:        1.00 GB reserved,       2.88 MB ( <1%) committed,  1 nodes.
             Both:        1.06 GB reserved,      23.06 MB (  2%) committed. 

Chunk freelists:
   Non-Class:  3.81 MB
       Class:  1.16 MB
        Both:  4.97 MB

MaxMetaspaceSize: unlimited
CompressedClassSpaceSize: 1.00 GB
Initial GC threshold: 21.00 MB
Current GC threshold: 35.25 MB
CDS: on
MetaspaceReclaimPolicy: balanced
 - commit_granule_bytes: 65536.
 - commit_granule_words: 8192.
 - virtual_space_node_default_size: 8388608.
 - enlarge_chunks_in_place: 1.
 - new_chunks_are_fully_committed: 0.
 - uncommit_free_chunks: 1.
 - use_allocation_guard: 0.


Internal statistics:

num_allocs_failed_limit: 3.
num_arena_births: 440.
num_arena_deaths: 0.
num_vsnodes_births: 2.
num_vsnodes_deaths: 0.
num_space_committed: 369.
num_space_uncommitted: 0.
num_chunks_returned_to_freelist: 3.
num_chunks_taken_from_freelist: 1189.
num_chunk_merges: 0.
num_chunk_splits: 848.
num_chunks_enlarged: 677.
num_inconsistent_stats: 0.

CodeHeap 'non-profiled nmethods': size=120000Kb used=1631Kb max_used=1631Kb free=118369Kb
 bounds [0x0000021107ad0000, 0x0000021107d40000, 0x000002110f000000]
CodeHeap 'profiled nmethods': size=120000Kb used=7609Kb max_used=7609Kb free=112390Kb
 bounds [0x0000021100000000, 0x0000021100770000, 0x0000021107530000]
CodeHeap 'non-nmethods': size=5760Kb used=1356Kb max_used=1423Kb free=4404Kb
 bounds [0x0000021107530000, 0x00000211077a0000, 0x0000021107ad0000]
 total_blobs=3991 nmethods=3486 adapters=415
 compilation: enabled
              stopped_count=0, restarted_count=0
 full_count=0

Compilation events (20 events):
Event: 1.671 Thread 0x000002112312d6e0 3449       1       java.util.ArrayList$ArrayListSpliterator::characteristics (4 bytes)
Event: 1.671 Thread 0x000002112312d6e0 nmethod 3449 0x0000021107c58b10 code [0x0000021107c58ca0, 0x0000021107c58d78]
Event: 1.671 Thread 0x000002112312d6e0 3451       3       org.springframework.beans.BeanMetadataAttribute::<init> (21 bytes)
Event: 1.672 Thread 0x000002112312d6e0 nmethod 3451 0x000002110075d910 code [0x000002110075dae0, 0x000002110075de88]
Event: 1.672 Thread 0x000002112312d6e0 3452       3       org.springframework.core.AttributeAccessorSupport::setAttribute (32 bytes)
Event: 1.672 Thread 0x000002112312d6e0 nmethod 3452 0x000002110075e010 code [0x000002110075e260, 0x000002110075eb78]
Event: 1.672 Thread 0x000002112312d6e0 3453       3       org.springframework.beans.factory.support.AbstractBeanFactory::copyRelevantMergedBeanDefinitionCaches (105 bytes)
Event: 1.672 Thread 0x000002112312d6e0 nmethod 3453 0x000002110075ee90 code [0x000002110075f120, 0x0000021100760458]
Event: 1.677 Thread 0x000002112312d6e0 3454       3       java.lang.reflect.ReflectAccess::getRoot (5 bytes)
Event: 1.677 Thread 0x000002112312d6e0 nmethod 3454 0x0000021100760810 code [0x00000211007609c0, 0x0000021100760ba8]
Event: 1.677 Thread 0x000002112312d6e0 3455       3       jdk.internal.reflect.MagicAccessorImpl::<init> (5 bytes)
Event: 1.677 Thread 0x000002112312d6e0 nmethod 3455 0x0000021100760c90 code [0x0000021100760e40, 0x0000021100760f98]
Event: 1.677 Thread 0x000002112312d6e0 3456       3       jdk.internal.reflect.MethodHandleAccessorFactory::ensureClassInitialized (18 bytes)
Event: 1.677 Thread 0x000002112312d6e0 nmethod 3456 0x0000021100761090 code [0x00000211007612a0, 0x0000021100761738]
Event: 1.677 Thread 0x000002112312d6e0 3457   !   3       org.springframework.beans.factory.support.AbstractBeanFactory::getBeanPostProcessorCache (181 bytes)
Event: 1.678 Thread 0x000002112312d6e0 nmethod 3457 0x0000021100761910 code [0x0000021100761bc0, 0x0000021100763078]
Event: 1.678 Thread 0x000002112312d6e0 3460   !   3       org.springframework.beans.factory.support.DefaultSingletonBeanRegistry::getSingleton (147 bytes)
Event: 1.678 Thread 0x000002112312d6e0 nmethod 3460 0x0000021100763710 code [0x0000021100763980, 0x00000211007647e8]
Event: 1.679 Thread 0x0000021123125010 nmethod 3246 0x0000021107c58e10 code [0x0000021107c591c0, 0x0000021107c5f5a8]
Event: 1.680 Thread 0x0000021123125010 3447       4       org.springframework.beans.factory.BeanFactoryUtils::isFactoryDereference (19 bytes)

GC Heap History (6 events):
Event: 0.411 GC heap before
{Heap before GC invocations=0 (full 0):
 garbage-first heap   total 524288K, used 24576K [0x0000000601000000, 0x0000000800000000)
  region size 4096K, 6 young (24576K), 0 survivors (0K)
 Metaspace       used 4666K, committed 4864K, reserved 1114112K
  class space    used 506K, committed 576K, reserved 1048576K
}
Event: 0.414 GC heap after
{Heap after GC invocations=1 (full 0):
 garbage-first heap   total 524288K, used 5843K [0x0000000601000000, 0x0000000800000000)
  region size 4096K, 1 young (4096K), 1 survivors (4096K)
 Metaspace       used 4666K, committed 4864K, reserved 1114112K
  class space    used 506K, committed 576K, reserved 1048576K
}
Event: 0.695 GC heap before
{Heap before GC invocations=1 (full 0):
 garbage-first heap   total 524288K, used 26323K [0x0000000601000000, 0x0000000800000000)
  region size 4096K, 6 young (24576K), 1 survivors (4096K)
 Metaspace       used 9327K, committed 9600K, reserved 1114112K
  class space    used 1100K, committed 1216K, reserved 1048576K
}
Event: 0.698 GC heap after
{Heap after GC invocations=2 (full 0):
 garbage-first heap   total 524288K, used 7610K [0x0000000601000000, 0x0000000800000000)
  region size 4096K, 1 young (4096K), 1 survivors (4096K)
 Metaspace       used 9327K, committed 9600K, reserved 1114112K
  class space    used 1100K, committed 1216K, reserved 1048576K
}
Event: 1.548 GC heap before
{Heap before GC invocations=2 (full 0):
 garbage-first heap   total 524288K, used 73146K [0x0000000601000000, 0x0000000800000000)
  region size 4096K, 19 young (77824K), 1 survivors (4096K)
 Metaspace       used 21255K, committed 21504K, reserved 1114112K
  class space    used 2524K, committed 2624K, reserved 1048576K
}
Event: 1.551 GC heap after
{Heap after GC invocations=3 (full 0):
 garbage-first heap   total 524288K, used 12307K [0x0000000601000000, 0x0000000800000000)
  region size 4096K, 2 young (8192K), 2 survivors (8192K)
 Metaspace       used 21255K, committed 21504K, reserved 1114112K
  class space    used 2524K, committed 2624K, reserved 1048576K
}

Dll operation events (11 events):
Event: 0.018 Loaded shared library C:\Users\aleks\.jdks\openjdk-19\bin\java.dll
Event: 0.019 Loaded shared library C:\Users\aleks\.jdks\openjdk-19\bin\zip.dll
Event: 0.025 Loaded shared library C:\Users\aleks\.jdks\openjdk-19\bin\jsvml.dll
Event: 0.108 Loaded shared library C:\Users\aleks\.jdks\openjdk-19\bin\instrument.dll
Event: 0.123 Loaded shared library C:\Users\aleks\.jdks\openjdk-19\bin\net.dll
Event: 0.123 Loaded shared library C:\Users\aleks\.jdks\openjdk-19\bin\nio.dll
Event: 0.126 Loaded shared library C:\Users\aleks\.jdks\openjdk-19\bin\zip.dll
Event: 0.177 Loaded shared library C:\Users\aleks\.jdks\openjdk-19\bin\jimage.dll
Event: 0.372 Loaded shared library C:\Users\aleks\.jdks\openjdk-19\bin\management.dll
Event: 0.374 Loaded shared library C:\Users\aleks\.jdks\openjdk-19\bin\management_ext.dll
Event: 0.725 Loaded shared library C:\Users\aleks\.jdks\openjdk-19\bin\verify.dll

Deoptimization events (20 events):
Event: 1.678 Thread 0x0000021123c4eb80 DEOPT PACKING pc=0x0000021107c243c4 sp=0x000000f037ffda50
Event: 1.678 Thread 0x0000021123c4eb80 DEOPT UNPACKING pc=0x0000021107597543 sp=0x000000f037ffce48 mode 1
Event: 1.678 Thread 0x0000021123c4eb80 DEOPT PACKING pc=0x000002110041c08c sp=0x000000f037ffda90
Event: 1.678 Thread 0x0000021123c4eb80 DEOPT UNPACKING pc=0x0000021107597543 sp=0x000000f037ffd108 mode 1
Event: 1.678 Thread 0x0000021123c4eb80 DEOPT PACKING pc=0x000002110048ee29 sp=0x000000f037ffcee0
Event: 1.678 Thread 0x0000021123c4eb80 DEOPT UNPACKING pc=0x0000021107597543 sp=0x000000f037ffc3b8 mode 1
Event: 1.678 Thread 0x0000021123c4eb80 DEOPT PACKING pc=0x000002110048c4cc sp=0x000000f037ffcf70
Event: 1.678 Thread 0x0000021123c4eb80 DEOPT UNPACKING pc=0x0000021107597543 sp=0x000000f037ffc510 mode 1
Event: 1.678 Thread 0x0000021123c4eb80 DEOPT PACKING pc=0x0000021100489aac sp=0x000000f037ffd0d0
Event: 1.678 Thread 0x0000021123c4eb80 DEOPT UNPACKING pc=0x0000021107597543 sp=0x000000f037ffc670 mode 1
Event: 1.678 Thread 0x0000021123c4eb80 DEOPT PACKING pc=0x0000021100185b61 sp=0x000000f037ffc740
Event: 1.678 Thread 0x0000021123c4eb80 DEOPT UNPACKING pc=0x0000021107597543 sp=0x000000f037ffbb98 mode 1
Event: 1.678 Thread 0x0000021123c4eb80 DEOPT PACKING pc=0x000002110010735c sp=0x000000f037ffc7d0
Event: 1.678 Thread 0x0000021123c4eb80 DEOPT UNPACKING pc=0x0000021107597543 sp=0x000000f037ffbc78 mode 1
Event: 1.678 Thread 0x0000021123c4eb80 DEOPT PACKING pc=0x0000021107c243c4 sp=0x000000f037ffd150
Event: 1.678 Thread 0x0000021123c4eb80 DEOPT UNPACKING pc=0x0000021107597543 sp=0x000000f037ffc560 mode 1
Event: 1.678 Thread 0x0000021123c4eb80 DEOPT PACKING pc=0x000002110010735c sp=0x000000f037ffd260
Event: 1.678 Thread 0x0000021123c4eb80 DEOPT UNPACKING pc=0x0000021107597543 sp=0x000000f037ffc708 mode 1
Event: 1.678 Thread 0x0000021123c4eb80 DEOPT PACKING pc=0x0000021107c243c4 sp=0x000000f037ffdbe0
Event: 1.678 Thread 0x0000021123c4eb80 DEOPT UNPACKING pc=0x0000021107597543 sp=0x000000f037ffcff0 mode 1

Classes loaded (20 events):
Event: 1.675 Loading class javax/naming/NameNotFoundException
Event: 1.675 Loading class javax/naming/NameNotFoundException done
Event: 1.676 Loading class org/springframework/jndi/TypeMismatchNamingException
Event: 1.676 Loading class org/springframework/jndi/TypeMismatchNamingException done
Event: 1.676 Loading class org/springframework/jndi/JndiTemplate
Event: 1.676 Loading class org/springframework/jndi/JndiTemplate done
Event: 1.677 Loading class org/springframework/boot/context/properties/PropertySourcesDeducer
Event: 1.677 Loading class org/springframework/boot/context/properties/PropertySourcesDeducer done
Event: 1.678 Loading class org/springframework/boot/context/properties/ConfigurationPropertiesJsr303Validator
Event: 1.678 Loading class org/springframework/boot/context/properties/ConfigurationPropertiesJsr303Validator done
Event: 1.678 Loading class jakarta/validation/Validator
Event: 1.678 Loading class jakarta/validation/Validator done
Event: 1.678 Loading class jakarta/validation$Validator
Event: 1.678 Loading class jakarta/validation$Validator done
Event: 1.679 Loading class org/springframework/beans/factory/annotation/Lookup
Event: 1.679 Loading class org/springframework/beans/factory/annotation/Lookup done
Event: 1.679 Loading class org/springframework/beans/factory/annotation/AutowiredAnnotationBeanPostProcessor
Event: 1.679 Loading class org/springframework/beans/factory/annotation/AutowiredAnnotationBeanPostProcessor done
Event: 1.680 Loading class org/springframework/aop/framework/autoproxy/BeanFactoryAdvisorRetrievalHelper
Event: 1.680 Loading class org/springframework/aop/framework/autoproxy/BeanFactoryAdvisorRetrievalHelper done

Classes unloaded (0 events):
No events

Classes redefined (0 events):
No events

Internal exceptions (20 events):
Event: 1.561 Thread 0x0000021123c4eb80 Exception <a 'java/lang/NoSuchMethodError'{0x0000000620d25cd8}: 'int java.lang.invoke.DirectMethodHandle$Holder.invokeVirtual(java.lang.Object, java.lang.Object, java.lang.Object)'> (0x0000000620d25cd8) 
thrown [s\open\src\hotspot\share\interpreter\linkResolver.cpp, line 774]
Event: 1.561 Thread 0x0000021123c4eb80 Exception <a 'java/lang/NoSuchMethodError'{0x0000000620d295d0}: 'int java.lang.invoke.DirectMethodHandle$Holder.invokeVirtual(java.lang.Object, java.lang.Object)'> (0x0000000620d295d0) 
thrown [s\open\src\hotspot\share\interpreter\linkResolver.cpp, line 774]
Event: 1.562 Thread 0x0000021123c4eb80 Exception <a 'java/lang/NoSuchMethodError'{0x0000000620d2d7d0}: 'int java.lang.invoke.DirectMethodHandle$Holder.invokeStaticInit(java.lang.Object, int, int)'> (0x0000000620d2d7d0) 
thrown [s\open\src\hotspot\share\interpreter\linkResolver.cpp, line 774]
Event: 1.562 Thread 0x0000021123c4eb80 Exception <a 'java/lang/NoSuchMethodError'{0x0000000620d34fe8}: 'int java.lang.invoke.DirectMethodHandle$Holder.invokeStaticInit(java.lang.Object, long, long)'> (0x0000000620d34fe8) 
thrown [s\open\src\hotspot\share\interpreter\linkResolver.cpp, line 774]
Event: 1.562 Thread 0x0000021123c4eb80 Exception <a 'java/lang/NoSuchMethodError'{0x0000000620d3be50}: 'int java.lang.invoke.DirectMethodHandle$Holder.invokeStaticInit(java.lang.Object, float, float)'> (0x0000000620d3be50) 
thrown [s\open\src\hotspot\share\interpreter\linkResolver.cpp, line 774]
Event: 1.563 Thread 0x0000021123c4eb80 Exception <a 'java/lang/NoSuchMethodError'{0x0000000620d42cb0}: 'int java.lang.invoke.DirectMethodHandle$Holder.invokeStaticInit(java.lang.Object, double, double)'> (0x0000000620d42cb0) 
thrown [s\open\src\hotspot\share\interpreter\linkResolver.cpp, line 774]
Event: 1.563 Thread 0x0000021123c4eb80 Exception <a 'java/lang/NoSuchMethodError'{0x0000000620d472f0}: 'int java.lang.invoke.DirectMethodHandle$Holder.invokeStatic(java.lang.Object, long)'> (0x0000000620d472f0) 
thrown [s\open\src\hotspot\share\interpreter\linkResolver.cpp, line 774]
Event: 1.565 Thread 0x0000021123c4eb80 Exception <a 'java/lang/NoSuchMethodError'{0x0000000620d6b838}: 'int java.lang.invoke.DirectMethodHandle$Holder.invokeSpecial(java.lang.Object, java.lang.Object, int)'> (0x0000000620d6b838) 
thrown [s\open\src\hotspot\share\interpreter\linkResolver.cpp, line 774]
Event: 1.565 Thread 0x0000021123c4eb80 Exception <a 'java/lang/NoSuchMethodError'{0x0000000620d731c0}: 'int java.lang.invoke.Invokers$Holder.linkToTargetMethod(java.lang.Object, java.lang.Object)'> (0x0000000620d731c0) 
thrown [s\open\src\hotspot\share\interpreter\linkResolver.cpp, line 774]
Event: 1.578 Thread 0x0000021123c4eb80 Exception <a 'java/lang/NoSuchMethodError'{0x0000000620e86f48}: 'java.lang.Object java.lang.invoke.Invokers$Holder.invoke_MT(java.lang.Object, java.lang.Object, java.lang.Object, java.lang.Object, java.lang.Object, java.lang.Object, java.lang.Object, java.lang.Object, java.lang.Object, java.lang.Object)'> (0x0000000620e86f48) 
thrown [s\open\src\hotspot\share\interpreter\linkResolver.cpp, line 774]
Event: 1.582 Thread 0x0000021123c4eb80 Exception <a 'java/lang/NoSuchMethodError'{0x0000000620ec59c8}: 'java.lang.Object java.lang.invoke.DirectMethodHandle$Holder.invokeSpecial(java.lang.Object, java.lang.Object, int, java.lang.Object, java.lang.Object)'> (0x0000000620ec59c8) 
thrown [s\open\src\hotspot\share\interpreter\linkResolver.cpp, line 774]
Event: 1.582 Thread 0x0000021123c4eb80 Exception <a 'java/lang/NoSuchMethodError'{0x0000000620ec9688}: 'java.lang.Object java.lang.invoke.DelegatingMethodHandle$Holder.delegate(java.lang.Object, int, java.lang.Object, java.lang.Object)'> (0x0000000620ec9688) 
thrown [s\open\src\hotspot\share\interpreter\linkResolver.cpp, line 774]
Event: 1.583 Thread 0x0000021123c4eb80 Exception <a 'java/lang/NoSuchMethodError'{0x0000000620eda4c8}: 'int java.lang.invoke.Invokers$Holder.linkToTargetMethod(java.lang.Object, java.lang.Object, java.lang.Object)'> (0x0000000620eda4c8) 
thrown [s\open\src\hotspot\share\interpreter\linkResolver.cpp, line 774]
Event: 1.599 Thread 0x0000021123c4eb80 Exception <a 'java/lang/NoSuchMethodError'{0x0000000620f94980}: 'void java.lang.invoke.Invokers$Holder.invokeExact_MT(java.lang.Object, java.lang.Object, java.lang.Object)'> (0x0000000620f94980) 
thrown [s\open\src\hotspot\share\interpreter\linkResolver.cpp, line 774]
Event: 1.631 Thread 0x0000021123c4eb80 Exception <a 'java/lang/NoClassDefFoundError'{0x000000060453e410}: org/flywaydb/core/Flyway> (0x000000060453e410) 
thrown [s\open\src\hotspot\share\classfile\systemDictionary.cpp, line 244]
Event: 1.631 Thread 0x0000021123c4eb80 Exception <a 'java/lang/NoClassDefFoundError'{0x000000060453f340}: liquibase/integration/spring/SpringLiquibase> (0x000000060453f340) 
thrown [s\open\src\hotspot\share\classfile\systemDictionary.cpp, line 244]
Event: 1.653 Thread 0x0000021123c4eb80 Exception <a 'java/lang/NoClassDefFoundError'{0x0000000604729c38}: org/jooq/DSLContext> (0x0000000604729c38) 
thrown [s\open\src\hotspot\share\classfile\systemDictionary.cpp, line 244]
Event: 1.653 Thread 0x0000021123c4eb80 Exception <a 'java/lang/NoClassDefFoundError'{0x0000000604736fe8}: org/springframework/batch/core/repository/JobRepository> (0x0000000604736fe8) 
thrown [s\open\src\hotspot\share\classfile\systemDictionary.cpp, line 244]
Event: 1.653 Thread 0x0000021123c4eb80 Exception <a 'java/lang/NoClassDefFoundError'{0x0000000604737d18}: org/quartz/Scheduler> (0x0000000604737d18) 
thrown [s\open\src\hotspot\share\classfile\systemDictionary.cpp, line 244]
Event: 1.653 Thread 0x0000021123c4eb80 Exception <a 'java/lang/NoClassDefFoundError'{0x0000000604738d88}: org/springframework/session/jdbc/JdbcIndexedSessionRepository> (0x0000000604738d88) 
thrown [s\open\src\hotspot\share\classfile\systemDictionary.cpp, line 244]

VM Operations (20 events):
Event: 1.437 Executing VM operation: HandshakeAllThreads
Event: 1.437 Executing VM operation: HandshakeAllThreads done
Event: 1.465 Executing VM operation: ICBufferFull
Event: 1.465 Executing VM operation: ICBufferFull done
Event: 1.548 Executing VM operation: CollectForMetadataAllocation
Event: 1.551 Executing VM operation: CollectForMetadataAllocation done
Event: 1.551 Executing VM operation: Cleanup
Event: 1.552 Executing VM operation: Cleanup done
Event: 1.553 Executing VM operation: HandshakeAllThreads
Event: 1.553 Executing VM operation: HandshakeAllThreads done
Event: 1.556 Executing VM operation: G1PauseRemark
Event: 1.557 Executing VM operation: G1PauseRemark done
Event: 1.558 Executing VM operation: G1PauseCleanup
Event: 1.558 Executing VM operation: G1PauseCleanup done
Event: 1.572 Executing VM operation: HandshakeAllThreads
Event: 1.572 Executing VM operation: HandshakeAllThreads done
Event: 1.572 Executing VM operation: HandshakeAllThreads
Event: 1.572 Executing VM operation: HandshakeAllThreads done
Event: 1.658 Executing VM operation: HandshakeAllThreads
Event: 1.658 Executing VM operation: HandshakeAllThreads done

Events (20 events):
Event: 0.035 Thread 0x0000021123116c80 Thread added: 0x0000021123116c80
Event: 0.035 Thread 0x0000021123118530 Thread added: 0x0000021123118530
Event: 0.035 Thread 0x000002112311aa80 Thread added: 0x000002112311aa80
Event: 0.035 Thread 0x000002112311d150 Thread added: 0x000002112311d150
Event: 0.035 Thread 0x0000021123125010 Thread added: 0x0000021123125010
Event: 0.036 Thread 0x000002112312d6e0 Thread added: 0x000002112312d6e0
Event: 0.036 Thread 0x000002112312f480 Thread added: 0x000002112312f480
Event: 0.084 Thread 0x000002117b3c5220 Thread added: 0x000002117b3c5220
Event: 0.100 Thread 0x00000211232a43b0 Thread added: 0x00000211232a43b0
Event: 0.100 Thread 0x000002112331cd70 Thread added: 0x000002112331cd70
Event: 0.100 Thread 0x00000211232a4f20 Thread added: 0x00000211232a4f20
Event: 0.115 Thread 0x0000021123371e20 Thread added: 0x0000021123371e20
Event: 0.138 Thread 0x00000211233f8ef0 Thread added: 0x00000211233f8ef0
Event: 0.407 Thread 0x0000021123c4e640 Thread added: 0x0000021123c4e640
Event: 0.409 Thread 0x0000021123c4eb80 Thread added: 0x0000021123c4eb80
Event: 0.672 Thread 0x00000211240f8080 Thread added: 0x00000211240f8080
Event: 0.874 Thread 0x00000211240f8080 Thread exited: 0x00000211240f8080
Event: 0.951 Thread 0x00000211244ab380 Thread added: 0x00000211244ab380
Event: 0.999 Thread 0x00000211244ab380 Thread exited: 0x00000211244ab380
Event: 1.339 Thread 0x0000021124a7e5a0 Thread added: 0x0000021124a7e5a0


Dynamic libraries:
0x00007ff6af530000 - 0x00007ff6af53e000 	C:\Users\aleks\.jdks\openjdk-19\bin\java.exe
0x00007ff9ea950000 - 0x00007ff9eab48000 	C:\WINDOWS\SYSTEM32\ntdll.dll
0x00007ff9e9760000 - 0x00007ff9e981f000 	C:\WINDOWS\System32\KERNEL32.DLL
0x00007ff9e8110000 - 0x00007ff9e8406000 	C:\WINDOWS\System32\KERNELBASE.dll
0x00007ff9e8410000 - 0x00007ff9e8510000 	C:\WINDOWS\System32\ucrtbase.dll
0x00007ff9c8420000 - 0x00007ff9c843b000 	C:\Users\aleks\.jdks\openjdk-19\bin\VCRUNTIME140.dll
0x00007ff9c8df0000 - 0x00007ff9c8e07000 	C:\Users\aleks\.jdks\openjdk-19\bin\jli.dll
0x00007ff9e8db0000 - 0x00007ff9e8f4d000 	C:\WINDOWS\System32\USER32.dll
0x00007ff9d0630000 - 0x00007ff9d08ca000 	C:\WINDOWS\WinSxS\amd64_microsoft.windows.common-controls_6595b64144ccf1df_6.0.19041.1110_none_60b5254171f9507e\COMCTL32.dll
0x00007ff9e8730000 - 0x00007ff9e8752000 	C:\WINDOWS\System32\win32u.dll
0x00007ff9e9350000 - 0x00007ff9e93ee000 	C:\WINDOWS\System32\msvcrt.dll
0x00007ff9e8b70000 - 0x00007ff9e8b9c000 	C:\WINDOWS\System32\GDI32.dll
0x00007ff9e8580000 - 0x00007ff9e8695000 	C:\WINDOWS\System32\gdi32full.dll
0x00007ff9e8760000 - 0x00007ff9e87fd000 	C:\WINDOWS\System32\msvcp_win.dll
0x00007ff9e9d70000 - 0x00007ff9e9da0000 	C:\WINDOWS\System32\IMM32.DLL
0x00007ff9cfd90000 - 0x00007ff9cfd9c000 	C:\Users\aleks\.jdks\openjdk-19\bin\vcruntime140_1.dll
0x00007ff9bd1c0000 - 0x00007ff9bd24e000 	C:\Users\aleks\.jdks\openjdk-19\bin\msvcp140.dll
0x00007ff982080000 - 0x00007ff982d40000 	C:\Users\aleks\.jdks\openjdk-19\bin\server\jvm.dll
0x00007ff9e8f60000 - 0x00007ff9e900f000 	C:\WINDOWS\System32\ADVAPI32.dll
0x00007ff9e9010000 - 0x00007ff9e90ac000 	C:\WINDOWS\System32\sechost.dll
0x00007ff9ea7b0000 - 0x00007ff9ea8d6000 	C:\WINDOWS\System32\RPCRT4.dll
0x00007ff9d55e0000 - 0x00007ff9d5607000 	C:\WINDOWS\SYSTEM32\WINMM.dll
0x00007ff9cf8e0000 - 0x00007ff9cf8e9000 	C:\WINDOWS\SYSTEM32\WSOCK32.dll
0x00007ff9e0590000 - 0x00007ff9e059a000 	C:\WINDOWS\SYSTEM32\VERSION.dll
0x00007ff9ea680000 - 0x00007ff9ea6eb000 	C:\WINDOWS\System32\WS2_32.dll
0x00007ff9e68d0000 - 0x00007ff9e68e2000 	C:\WINDOWS\SYSTEM32\kernel.appcore.dll
0x00007ff9cf110000 - 0x00007ff9cf11a000 	C:\Users\aleks\.jdks\openjdk-19\bin\jimage.dll
0x00007ff9e5c40000 - 0x00007ff9e5e24000 	C:\WINDOWS\SYSTEM32\DBGHELP.DLL
0x00007ff9cf9a0000 - 0x00007ff9cf9d4000 	C:\WINDOWS\SYSTEM32\dbgcore.DLL
0x00007ff9e86a0000 - 0x00007ff9e8722000 	C:\WINDOWS\System32\bcryptPrimitives.dll
0x00007ff9c9ef0000 - 0x00007ff9c9f2c000 	C:\Users\aleks\.jdks\openjdk-19\bin\jdwp.dll
0x00007ff9e1610000 - 0x00007ff9e161e000 	C:\Users\aleks\.jdks\openjdk-19\bin\instrument.dll
0x00007ff9c7ad0000 - 0x00007ff9c7af6000 	C:\Users\aleks\.jdks\openjdk-19\bin\java.dll
0x00007ff9c6e10000 - 0x00007ff9c6e28000 	C:\Users\aleks\.jdks\openjdk-19\bin\zip.dll
0x00007ff9aa690000 - 0x00007ff9aa767000 	C:\Users\aleks\.jdks\openjdk-19\bin\jsvml.dll
0x00007ff9e9e00000 - 0x00007ff9ea544000 	C:\WINDOWS\System32\SHELL32.dll
0x00007ff9e5e30000 - 0x00007ff9e65c3000 	C:\WINDOWS\SYSTEM32\windows.storage.dll
0x00007ff9e93f0000 - 0x00007ff9e9744000 	C:\WINDOWS\System32\combase.dll
0x00007ff9e79b0000 - 0x00007ff9e79de000 	C:\WINDOWS\SYSTEM32\Wldp.dll
0x00007ff9e8ac0000 - 0x00007ff9e8b6d000 	C:\WINDOWS\System32\SHCORE.dll
0x00007ff9ea6f0000 - 0x00007ff9ea745000 	C:\WINDOWS\System32\shlwapi.dll
0x00007ff9e7f70000 - 0x00007ff9e7f8f000 	C:\WINDOWS\SYSTEM32\profapi.dll
0x00007ff9e1600000 - 0x00007ff9e160c000 	C:\Users\aleks\.jdks\openjdk-19\bin\dt_socket.dll
0x00007ff9e7400000 - 0x00007ff9e743c000 	C:\WINDOWS\SYSTEM32\IPHLPAPI.DLL
0x00007ff9e7710000 - 0x00007ff9e777a000 	C:\WINDOWS\system32\mswsock.dll
0x00007ff9c7370000 - 0x00007ff9c7383000 	C:\Users\aleks\.jdks\openjdk-19\bin\net.dll
0x00007ff9e0a20000 - 0x00007ff9e0b2a000 	C:\WINDOWS\SYSTEM32\WINHTTP.dll
0x00007ff9c71f0000 - 0x00007ff9c7206000 	C:\Users\aleks\.jdks\openjdk-19\bin\nio.dll
0x00007ff9e13d0000 - 0x00007ff9e13da000 	C:\Users\aleks\.jdks\openjdk-19\bin\management.dll
0x00007ff9e13c0000 - 0x00007ff9e13cb000 	C:\Users\aleks\.jdks\openjdk-19\bin\management_ext.dll
0x00007ff9ea8e0000 - 0x00007ff9ea8e8000 	C:\WINDOWS\System32\PSAPI.DLL
0x00007ff9c99e0000 - 0x00007ff9c99f0000 	C:\Users\aleks\.jdks\openjdk-19\bin\verify.dll

dbghelp: loaded successfully - version: 4.0.5 - missing functions: none
symbol engine: initialized successfully - sym options: 0x614 - pdb path: .;C:\Users\aleks\.jdks\openjdk-19\bin;C:\WINDOWS\SYSTEM32;C:\WINDOWS\WinSxS\amd64_microsoft.windows.common-controls_6595b64144ccf1df_6.0.19041.1110_none_60b5254171f9507e;C:\Users\aleks\.jdks\openjdk-19\bin\server

VM Arguments:
jvm_args: -agentlib:jdwp=transport=dt_socket,address=127.0.0.1:53796,suspend=y,server=n -javaagent:C:\Users\aleks\AppData\Local\JetBrains\IdeaIC2023.1\captureAgent\debugger-agent.jar -Dfile.encoding=UTF-8 -Dsun.stdout.encoding=UTF-8 -Dsun.stderr.encoding=UTF-8 
java_command: com.selftesting.selftesting.SelftestingApplication
java_class_path (initial): C:\Users\aleks\IdeaProjects\naebi-loxa\target\classes;C:\Users\aleks\.m2\repository\org\springframework\boot\spring-boot-devtools\3.0.6\spring-boot-devtools-3.0.6.jar;C:\Users\aleks\.m2\repository\org\springframework\boot\spring-boot\3.0.6\spring-boot-3.0.6.jar;C:\Users\aleks\.m2\repository\org\springframework\boot\spring-boot-autoconfigure\3.0.6\spring-boot-autoconfigure-3.0.6.jar;C:\Users\aleks\.m2\repository\org\springframework\boot\spring-boot-starter-data-jpa\3.0.6\spring-boot-starter-data-jpa-3.0.6.jar;C:\Users\aleks\.m2\repository\org\springframework\boot\spring-boot-starter-aop\3.0.6\spring-boot-starter-aop-3.0.6.jar;C:\Users\aleks\.m2\repository\org\aspectj\aspectjweaver\1.9.19\aspectjweaver-1.9.19.jar;C:\Users\aleks\.m2\repository\org\springframework\boot\spring-boot-starter-jdbc\3.0.6\spring-boot-starter-jdbc-3.0.6.jar;C:\Users\aleks\.m2\repository\com\zaxxer\HikariCP\5.0.1\HikariCP-5.0.1.jar;C:\Users\aleks\.m2\repository\org\springframework\spring-jdbc\6.0.8\spring-jdbc-6.0.8.jar;C:\Users\aleks\.m2\repository\org\hibernate\orm\hibernate-core\6.1.7.Final\hibernate-core-6.1.7.Final.jar;C:\Users\aleks\.m2\repository\jakarta\persistence\jakarta.persistence-api\3.1.0\jakarta.persistence-api-3.1.0.jar;C:\Users\aleks\.m2\repository\jakarta\transaction\jakarta.transaction-api\2.0.1\jakarta.transaction-api-2.0.1.jar;C:\Users\aleks\.m2\repository\org\jboss\logging\jboss-logging\3.5.0.Final\jboss-logging-3.5.0.Final.jar;C:\Users\aleks\.m2\repository\org\hibernate\common\hibernate-commons-annotations\6.0.6.Final\hibernate-commons-annotations-6.0.6.Final.jar;C:\Users\aleks\.m2\repository\org\jboss\jandex\2.4.2.Final\jandex-2.4.2.Final.jar;C:\Users\aleks\.m2\repository\com\fasterxml\classmate\1.5.1\classmate-1.5.1.jar;C:\Users\aleks\.m2\repository\net\bytebuddy\byte-buddy\1.12.23\byte-buddy-1.12.23.jar;C:\Users\aleks\.m2\repository\org\glassfish\jaxb\jaxb-runtime\4.0.2\jaxb-runtime-4.0.2.jar;C:\Users\aleks\.m2\repository\org\glassfish\jaxb\jaxb-core\4.0.2\jaxb-core-4.0.2.jar;C:\Users\aleks\.m2\repository\org\eclipse\angus\angus-activation\2.0.0\angus-activation-2.0.0.jar;C:\Users\aleks\.m2\repository\org\glassfish\jaxb\txw2\4.0.2\txw2-4.0.2.jar;C:\Users\aleks\.m2\repository\com\sun\istack\istack-commons-runtime\4.1.1\istack-commons-runtime-4.1.1.jar;C:\Users\aleks\.m2\repository\jakarta\inject\jakarta.inject-api\2.0.0\jakarta.inject-api-2.0.0.jar;C:\Users\aleks\.m2\repository\org\antlr\antlr4-runtime\4.10.1\antlr4-runtime-4.10.1.jar;C:\Users\aleks\.m2\repository\org\springframework\data\spring-data-jpa\3.0.5\spring-data-jpa-3.0.5.jar;C:\Users\aleks\.m2\repository\org\springframework\data\spring-data-commons\3.0.5\spring-data-commons-3.0.5.jar;C:\Users\aleks\.m2\repository\org\springframework\spring-orm\6.0.8\spring-orm-6.0.8.jar;C:\Users\aleks\.m2\repository\org\springframework\spring-tx\6.0.8\spring-tx-6.0.8.jar;C:\Users\aleks\.m2\repository\jakarta\annotation\jakarta.annotation-api\2.1.1\jakarta.annotation-api-2.1.1.jar;C:\Users\aleks\.m2\repository\org\slf4j\slf4j-api\2.0.7\slf4j-api-2.0.7.jar;C:\Users\aleks\.m2\repository\org\springframework\spring-aspects\6.0.8\spring-aspects-6.0.8.jar;C:\Users\aleks\.m2\repository\org\springframework\boot\spring-boot-starter-security\3.0.6\spring-boot-starter-security-3.0.6.jar;C:\Users\aleks\.m2\repository\org\springframework\boot\spring-boot-starter\3.0.6\spring-boot-starter-3.0.6.jar;C:\Users\aleks\.m2\repository\org\springframework\boot\spring-boot-starter-logging\3.0.6\spring-boot-starter-logging-3.0.6.jar;C:\Users\aleks\.m2\repository\ch\qos\logback\logback-classic\1.4.7\logback-classic-1.4.7.jar;C:\Users\aleks\.m2\repository\ch\qos\logback\logback-core\1.4.7\logback-core-1.4.7.jar;C:\Users\aleks\.m2\repository\org\apache\logging\log4j\log4j-to-slf4j\2.19.0\log4j-to-slf4j-2.19.0.jar;C:\Users\aleks\.m2\repository\org\apache\logging\log4j\log4j-api\2.19.0\log4j-api-2.19.0.jar;C:\Users\aleks\.m2\repository\org\slf4j\jul-to-slf4j\2.0.7\jul-to-slf4j-2.0.7.jar;C:\Users\aleks\.m2\repository\org\yaml\snakeyaml\1.33\snakeyaml-1.33.jar;C:\Users\aleks\.m2\repository\org\springframework\spring-aop\6.0.8\spring-aop-6.0.8.jar;C:\Users\aleks\.m2\repository\org\springframework\security\spring-security-core\6.0.3\spring-security-core-6.0.3.jar;C:\Users\aleks\.m2\repository\org\springframework\security\spring-security-crypto\6.0.3\spring-security-crypto-6.0.3.jar;C:\Users\aleks\.m2\repository\org\springframework\spring-beans\6.0.8\spring-beans-6.0.8.jar;C:\Users\aleks\.m2\repository\org\springframework\spring-context\6.0.8\spring-context-6.0.8.jar;C:\Users\aleks\.m2\repository\org\springframework\spring-core\6.0.8\spring-core-6.0.8.jar;C:\Users\aleks\.m2\repository\org\springframework\spring-jcl\6.0.8\spring-jcl-6.0.8.jar;C:\Users\aleks\.m2\repository\org\springframework\spring-expression\6.0.8\spring-expression-6.0.8.jar;C:\Users\aleks\.m2\repository\io\micrometer\micrometer-observation\1.10.6\micrometer-observation-1.10.6.jar;C:\Users\aleks\.m2\repository\io\micrometer\micrometer-commons\1.10.6\micrometer-commons-1.10.6.jar;C:\Users\aleks\.m2\repository\org\springframework\security\spring-security-config\6.0.3\spring-security-config-6.0.3.jar;C:\Users\aleks\.m2\repository\org\springframework\security\spring-security-web\6.0.3\spring-security-web-6.0.3.jar;C:\Users\aleks\.m2\repository\org\springframework\spring-web\6.0.8\spring-web-6.0.8.jar;C:\Users\aleks\.m2\repository\org\springframework\boot\spring-boot-starter-web\3.1.0\spring-boot-starter-web-3.1.0.jar;C:\Users\aleks\.m2\repository\org\springframework\boot\spring-boot-starter-json\3.0.6\spring-boot-starter-json-3.0.6.jar;C:\Users\aleks\.m2\repository\com\fasterxml\jackson\datatype\jackson-datatype-jdk8\2.14.2\jackson-datatype-jdk8-2.14.2.jar;C:\Users\aleks\.m2\repository\com\fasterxml\jackson\datatype\jackson-datatype-jsr310\2.14.2\jackson-datatype-jsr310-2.14.2.jar;C:\Users\aleks\.m2\repository\com\fasterxml\jackson\module\jackson-module-parameter-names\2.14.2\jackson-module-parameter-names-2.14.2.jar;C:\Users\aleks\.m2\repository\org\springframework\boot\spring-boot-starter-tomcat\3.0.6\spring-boot-starter-tomcat-3.0.6.jar;C:\Users\aleks\.m2\repository\org\apache\tomcat\embed\tomcat-embed-core\10.1.8\tomcat-embed-core-10.1.8.jar;C:\Users\aleks\.m2\repository\org\apache\tomcat\embed\tomcat-embed-el\10.1.8\tomcat-embed-el-10.1.8.jar;C:\Users\aleks\.m2\repository\org\apache\tomcat\embed\tomcat-embed-websocket\10.1.8\tomcat-embed-websocket-10.1.8.jar;C:\Users\aleks\.m2\repository\org\springframework\spring-webmvc\6.0.8\spring-webmvc-6.0.8.jar;C:\Users\aleks\.m2\repository\io\jsonwebtoken\jjwt-api\0.11.5\jjwt-api-0.11.5.jar;C:\Users\aleks\.m2\repository\io\jsonwebtoken\jjwt-impl\0.11.5\jjwt-impl-0.11.5.jar;C:\Users\aleks\.m2\repository\io\jsonwebtoken\jjwt-jackson\0.11.5\jjwt-jackson-0.11.5.jar;C:\Users\aleks\.m2\repository\com\fasterxml\jackson\core\jackson-databind\2.14.2\jackson-databind-2.14.2.jar;C:\Users\aleks\.m2\repository\com\fasterxml\jackson\core\jackson-annotations\2.14.2\jackson-annotations-2.14.2.jar;C:\Users\aleks\.m2\repository\com\fasterxml\jackson\core\jackson-core\2.14.2\jackson-core-2.14.2.jar;C:\Users\aleks\.m2\repository\javax\xml\bind\jaxb-api\2.3.1\jaxb-api-2.3.1.jar;C:\Users\aleks\.m2\repository\javax\activation\javax.activation-api\1.2.0\javax.activation-api-1.2.0.jar;C:\Users\aleks\.m2\repository\org\json\json\20220320\json-20220320.jar;C:\Users\aleks\.m2\repository\org\postgresql\postgresql\42.5.4\postgresql-42.5.4.jar;C:\Users\aleks\.m2\repository\org\checkerframework\checker-qual\3.5.0\checker-qual-3.5.0.jar;C:\Users\aleks\.m2\repository\org\projectlombok\lombok\1.18.26\lombok-1.18.26.jar;C:\Users\aleks\.m2\repository\jakarta\xml\bind\jakarta.xml.bind-api\4.0.0\jakarta.xml.bind-api-4.0.0.jar;C:\Users\aleks\.m2\repository\jakarta\activation\jakarta.activation-api\2.1.1\jakarta.activation-api-2.1.1.jar;C:\Program Files\JetBrains\IntelliJ IDEA Community Edition 2023.1.2\lib\idea_rt.jar
Launcher Type: SUN_STANDARD

[Global flags]
     intx CICompilerCount                          = 4                                         {product} {ergonomic}
     uint ConcGCThreads                            = 3                                         {product} {ergonomic}
     uint G1ConcRefinementThreads                  = 10                                        {product} {ergonomic}
   size_t G1HeapRegionSize                         = 4194304                                   {product} {ergonomic}
    uintx GCDrainStackTargetSize                   = 64                                        {product} {ergonomic}
   size_t InitialHeapSize                          = 536870912                                 {product} {ergonomic}
   size_t MarkStackSize                            = 4194304                                   {product} {ergonomic}
   size_t MaxHeapSize                              = 8573157376                                {product} {ergonomic}
   size_t MaxNewSize                               = 5142216704                                {product} {ergonomic}
   size_t MinHeapDeltaBytes                        = 4194304                                   {product} {ergonomic}
   size_t MinHeapSize                              = 8388608                                   {product} {ergonomic}
    uintx NonNMethodCodeHeapSize                   = 5839372                                {pd product} {ergonomic}
    uintx NonProfiledCodeHeapSize                  = 122909434                              {pd product} {ergonomic}
    uintx ProfiledCodeHeapSize                     = 122909434                              {pd product} {ergonomic}
    uintx ReservedCodeCacheSize                    = 251658240                              {pd product} {ergonomic}
     bool SegmentedCodeCache                       = true                                      {product} {ergonomic}
   size_t SoftMaxHeapSize                          = 8573157376                             {manageable} {ergonomic}
     bool UseCompressedClassPointers               = true                           {product lp64_product} {ergonomic}
     bool UseCompressedOops                        = true                           {product lp64_product} {ergonomic}
     bool UseG1GC                                  = true                                      {product} {ergonomic}
     bool UseLargePagesIndividualAllocation        = false                                  {pd product} {ergonomic}

Logging:
Log output configuration:
 #0: stdout all=warning uptime,level,tags foldmultilines=false
 #1: stderr all=off uptime,level,tags foldmultilines=false

Environment Variables:
PATH=C:\Python311\Scripts\;C:\Python311\;C:\Program Files (x86)\Common Files\Oracle\Java\javapath;C:\Program Files\Python310\Scripts\;C:\Program Files\Python310\;C:\Windows\system32;C:\Windows;C:\Windows\System32\Wbem;C:\Windows\System32\WindowsPowerShell\v1.0\;C:\Windows\System32\OpenSSH\;C:\Program Files (x86)\NVIDIA Corporation\PhysX\Common;C:\Program Files\NVIDIA Corporation\NVIDIA NvDLISR;C:\WINDOWS\system32;C:\WINDOWS;C:\WINDOWS\System32\Wbem;C:\WINDOWS\System32\WindowsPowerShell\v1.0\;C:\WINDOWS\System32\OpenSSH\;C:\Program Files\Git\cmd;C:\ProgramData\chocolatey\bin;C:\Users\aleks\AppData\Local\Microsoft\WindowsApps;;C:\Program Files\JetBrains\PyCharm Community Edition 2022.2.3\bin;
USERNAME=aleks
OS=Windows_NT
PROCESSOR_IDENTIFIER=AMD64 Family 23 Model 113 Stepping 0, AuthenticAMD
TMP=C:\Users\aleks\AppData\Local\Temp
TEMP=C:\Users\aleks\AppData\Local\Temp



---------------  S Y S T E M  ---------------

OS:
 Windows 10 , 64 bit Build 19041 (10.0.19041.2913)
OS uptime: 1 days 13:12 hours

CPU: total 12 (initial active 12) (12 cores per cpu, 2 threads per core) family 23 model 113 stepping 0 microcode 0x0, cx8, cmov, fxsr, ht, mmx, 3dnowpref, sse, sse2, sse3, ssse3, sse4a, sse4.1, sse4.2, popcnt, lzcnt, tsc, tscinvbit, avx, avx2, aes, clmul, bmi1, bmi2, adx, sha, fma, vzeroupper, clflush, clflushopt, rdtscp, rdpid

Memory: 4k page, system-wide physical 32697M (20019M free)
TotalPageFile size 37561M (AvailPageFile size 17161M)
current process WorkingSet (physical memory assigned to process): 147M, peak: 207M
current process commit charge ("private bytes"): 237M, peak: 701M

vm_info: OpenJDK 64-Bit Server VM (19+36-2238) for windows-amd64 JRE (19+36-2238), built on 2022-08-12T20:29:01Z by "mach5one" with MS VC++ 17.1 (VS2022)

END.
